[2.224s] Invoking command in '/home/ubuntu/BANSHEE-Mechatronics-SPR24/Banshee-ros/src/publisherID': PYTHONPATH=/home/ubuntu/BANSHEE-Mechatronics-SPR24/Banshee-ros/build/publisherID/prefix_override:/usr/lib/python3/dist-packages/colcon_core/task/python/colcon_distutils_commands:/home/ubuntu/BANSHEE-Mechatronics-SPR24/Banshee-ros/install/publisherID/lib/python3.10/site-packages:${PYTHONPATH} /usr/bin/python3 -W ignore:setup.py install is deprecated setup.py egg_info --egg-base ../../build/publisherID build --build-base /home/ubuntu/BANSHEE-Mechatronics-SPR24/Banshee-ros/build/publisherID/build install --record /home/ubuntu/BANSHEE-Mechatronics-SPR24/Banshee-ros/build/publisherID/install.log --single-version-externally-managed install_data
[2.756s] running egg_info
[2.756s] creating ../../build/publisherID/publisherID.egg-info
[2.774s] writing ../../build/publisherID/publisherID.egg-info/PKG-INFO
[2.774s] writing dependency_links to ../../build/publisherID/publisherID.egg-info/dependency_links.txt
[2.774s] writing entry points to ../../build/publisherID/publisherID.egg-info/entry_points.txt
[2.774s] writing requirements to ../../build/publisherID/publisherID.egg-info/requires.txt
[2.774s] writing top-level names to ../../build/publisherID/publisherID.egg-info/top_level.txt
[2.774s] writing manifest file '../../build/publisherID/publisherID.egg-info/SOURCES.txt'
[2.813s] reading manifest file '../../build/publisherID/publisherID.egg-info/SOURCES.txt'
[2.813s] writing manifest file '../../build/publisherID/publisherID.egg-info/SOURCES.txt'
[2.813s] running build
[2.813s] running build_py
[2.813s] creating /home/ubuntu/BANSHEE-Mechatronics-SPR24/Banshee-ros/build/publisherID/build
[2.814s] creating /home/ubuntu/BANSHEE-Mechatronics-SPR24/Banshee-ros/build/publisherID/build/lib
[2.814s] creating /home/ubuntu/BANSHEE-Mechatronics-SPR24/Banshee-ros/build/publisherID/build/lib/publisherID
[2.814s] copying publisherID/__init__.py -> /home/ubuntu/BANSHEE-Mechatronics-SPR24/Banshee-ros/build/publisherID/build/lib/publisherID
[2.814s] copying publisherID/sendarucoID.py -> /home/ubuntu/BANSHEE-Mechatronics-SPR24/Banshee-ros/build/publisherID/build/lib/publisherID
[2.814s] running install
[2.819s] running install_lib
[2.856s] creating /home/ubuntu/BANSHEE-Mechatronics-SPR24/Banshee-ros/install/publisherID/lib/python3.10/site-packages/publisherID
[2.856s] copying /home/ubuntu/BANSHEE-Mechatronics-SPR24/Banshee-ros/build/publisherID/build/lib/publisherID/__init__.py -> /home/ubuntu/BANSHEE-Mechatronics-SPR24/Banshee-ros/install/publisherID/lib/python3.10/site-packages/publisherID
[2.856s] copying /home/ubuntu/BANSHEE-Mechatronics-SPR24/Banshee-ros/build/publisherID/build/lib/publisherID/sendarucoID.py -> /home/ubuntu/BANSHEE-Mechatronics-SPR24/Banshee-ros/install/publisherID/lib/python3.10/site-packages/publisherID
[2.858s] byte-compiling /home/ubuntu/BANSHEE-Mechatronics-SPR24/Banshee-ros/install/publisherID/lib/python3.10/site-packages/publisherID/__init__.py to __init__.cpython-310.pyc
[2.858s] byte-compiling /home/ubuntu/BANSHEE-Mechatronics-SPR24/Banshee-ros/install/publisherID/lib/python3.10/site-packages/publisherID/sendarucoID.py to sendarucoID.cpython-310.pyc
[2.858s] running install_data
[2.858s] creating /home/ubuntu/BANSHEE-Mechatronics-SPR24/Banshee-ros/install/publisherID/share/ament_index
[2.858s] creating /home/ubuntu/BANSHEE-Mechatronics-SPR24/Banshee-ros/install/publisherID/share/ament_index/resource_index
[2.858s] creating /home/ubuntu/BANSHEE-Mechatronics-SPR24/Banshee-ros/install/publisherID/share/ament_index/resource_index/packages
[2.859s] copying resource/publisherID -> /home/ubuntu/BANSHEE-Mechatronics-SPR24/Banshee-ros/install/publisherID/share/ament_index/resource_index/packages
[2.859s] copying package.xml -> /home/ubuntu/BANSHEE-Mechatronics-SPR24/Banshee-ros/install/publisherID/share/publisherID
[2.859s] running install_egg_info
[2.878s] Copying ../../build/publisherID/publisherID.egg-info to /home/ubuntu/BANSHEE-Mechatronics-SPR24/Banshee-ros/install/publisherID/lib/python3.10/site-packages/publisherID-0.0.0-py3.10.egg-info
[2.879s] running install_scripts
[2.961s] Installing publisher_node script to /home/ubuntu/BANSHEE-Mechatronics-SPR24/Banshee-ros/install/publisherID/lib/publisherID
[2.961s] writing list of installed files to '/home/ubuntu/BANSHEE-Mechatronics-SPR24/Banshee-ros/build/publisherID/install.log'
[3.022s] Invoked command in '/home/ubuntu/BANSHEE-Mechatronics-SPR24/Banshee-ros/src/publisherID' returned '0': PYTHONPATH=/home/ubuntu/BANSHEE-Mechatronics-SPR24/Banshee-ros/build/publisherID/prefix_override:/usr/lib/python3/dist-packages/colcon_core/task/python/colcon_distutils_commands:/home/ubuntu/BANSHEE-Mechatronics-SPR24/Banshee-ros/install/publisherID/lib/python3.10/site-packages:${PYTHONPATH} /usr/bin/python3 -W ignore:setup.py install is deprecated setup.py egg_info --egg-base ../../build/publisherID build --build-base /home/ubuntu/BANSHEE-Mechatronics-SPR24/Banshee-ros/build/publisherID/build install --record /home/ubuntu/BANSHEE-Mechatronics-SPR24/Banshee-ros/build/publisherID/install.log --single-version-externally-managed install_data
