running egg_info
creating ../../build/camera_node/camera_node.egg-info
writing ../../build/camera_node/camera_node.egg-info/PKG-INFO
writing dependency_links to ../../build/camera_node/camera_node.egg-info/dependency_links.txt
writing entry points to ../../build/camera_node/camera_node.egg-info/entry_points.txt
writing requirements to ../../build/camera_node/camera_node.egg-info/requires.txt
writing top-level names to ../../build/camera_node/camera_node.egg-info/top_level.txt
writing manifest file '../../build/camera_node/camera_node.egg-info/SOURCES.txt'
reading manifest file '../../build/camera_node/camera_node.egg-info/SOURCES.txt'
writing manifest file '../../build/camera_node/camera_node.egg-info/SOURCES.txt'
running build
running build_py
creating /home/ubuntu/github/BANSHEE-Mechatronics-SPR24/Banshee-ros/build/camera_node/build
creating /home/ubuntu/github/BANSHEE-Mechatronics-SPR24/Banshee-ros/build/camera_node/build/lib
creating /home/ubuntu/github/BANSHEE-Mechatronics-SPR24/Banshee-ros/build/camera_node/build/lib/camera_node
copying camera_node/__init__.py -> /home/ubuntu/github/BANSHEE-Mechatronics-SPR24/Banshee-ros/build/camera_node/build/lib/camera_node
copying camera_node/camera_node.py -> /home/ubuntu/github/BANSHEE-Mechatronics-SPR24/Banshee-ros/build/camera_node/build/lib/camera_node
running install
running install_lib
creating /home/ubuntu/github/BANSHEE-Mechatronics-SPR24/Banshee-ros/install/camera_node/lib/python3.10/site-packages/camera_node
copying /home/ubuntu/github/BANSHEE-Mechatronics-SPR24/Banshee-ros/build/camera_node/build/lib/camera_node/__init__.py -> /home/ubuntu/github/BANSHEE-Mechatronics-SPR24/Banshee-ros/install/camera_node/lib/python3.10/site-packages/camera_node
copying /home/ubuntu/github/BANSHEE-Mechatronics-SPR24/Banshee-ros/build/camera_node/build/lib/camera_node/camera_node.py -> /home/ubuntu/github/BANSHEE-Mechatronics-SPR24/Banshee-ros/install/camera_node/lib/python3.10/site-packages/camera_node
byte-compiling /home/ubuntu/github/BANSHEE-Mechatronics-SPR24/Banshee-ros/install/camera_node/lib/python3.10/site-packages/camera_node/__init__.py to __init__.cpython-310.pyc
byte-compiling /home/ubuntu/github/BANSHEE-Mechatronics-SPR24/Banshee-ros/install/camera_node/lib/python3.10/site-packages/camera_node/camera_node.py to camera_node.cpython-310.pyc
running install_data
creating /home/ubuntu/github/BANSHEE-Mechatronics-SPR24/Banshee-ros/install/camera_node/share/ament_index
creating /home/ubuntu/github/BANSHEE-Mechatronics-SPR24/Banshee-ros/install/camera_node/share/ament_index/resource_index
creating /home/ubuntu/github/BANSHEE-Mechatronics-SPR24/Banshee-ros/install/camera_node/share/ament_index/resource_index/packages
copying resource/camera_node -> /home/ubuntu/github/BANSHEE-Mechatronics-SPR24/Banshee-ros/install/camera_node/share/ament_index/resource_index/packages
copying package.xml -> /home/ubuntu/github/BANSHEE-Mechatronics-SPR24/Banshee-ros/install/camera_node/share/camera_node
running install_egg_info
Copying ../../build/camera_node/camera_node.egg-info to /home/ubuntu/github/BANSHEE-Mechatronics-SPR24/Banshee-ros/install/camera_node/lib/python3.10/site-packages/camera_node-0.0.0-py3.10.egg-info
running install_scripts
Installing camera_node script to /home/ubuntu/github/BANSHEE-Mechatronics-SPR24/Banshee-ros/install/camera_node/lib/camera_node
writing list of installed files to '/home/ubuntu/github/BANSHEE-Mechatronics-SPR24/Banshee-ros/build/camera_node/install.log'
