[0.496s] Invoking command in '/home/ubuntu/github/BANSHEE-Mechatronics-SPR24/Banshee-ros/src/camera_node': PYTHONPATH=/home/ubuntu/github/BANSHEE-Mechatronics-SPR24/Banshee-ros/build/camera_node/prefix_override:/usr/lib/python3/dist-packages/colcon_core/task/python/colcon_distutils_commands:/home/ubuntu/github/BANSHEE-Mechatronics-SPR24/Banshee-ros/install/camera_node/lib/python3.10/site-packages:${PYTHONPATH} /usr/bin/python3 -W ignore:setup.py install is deprecated setup.py egg_info --egg-base ../../build/camera_node build --build-base /home/ubuntu/github/BANSHEE-Mechatronics-SPR24/Banshee-ros/build/camera_node/build install --record /home/ubuntu/github/BANSHEE-Mechatronics-SPR24/Banshee-ros/build/camera_node/install.log --single-version-externally-managed install_data
[0.647s] running egg_info
[0.647s] creating ../../build/camera_node/camera_node.egg-info
[0.647s] writing ../../build/camera_node/camera_node.egg-info/PKG-INFO
[0.647s] writing dependency_links to ../../build/camera_node/camera_node.egg-info/dependency_links.txt
[0.647s] writing entry points to ../../build/camera_node/camera_node.egg-info/entry_points.txt
[0.647s] writing requirements to ../../build/camera_node/camera_node.egg-info/requires.txt
[0.647s] writing top-level names to ../../build/camera_node/camera_node.egg-info/top_level.txt
[0.647s] writing manifest file '../../build/camera_node/camera_node.egg-info/SOURCES.txt'
[0.648s] reading manifest file '../../build/camera_node/camera_node.egg-info/SOURCES.txt'
[0.649s] writing manifest file '../../build/camera_node/camera_node.egg-info/SOURCES.txt'
[0.649s] running build
[0.649s] running build_py
[0.649s] creating /home/ubuntu/github/BANSHEE-Mechatronics-SPR24/Banshee-ros/build/camera_node/build
[0.649s] creating /home/ubuntu/github/BANSHEE-Mechatronics-SPR24/Banshee-ros/build/camera_node/build/lib
[0.649s] creating /home/ubuntu/github/BANSHEE-Mechatronics-SPR24/Banshee-ros/build/camera_node/build/lib/camera_node
[0.649s] copying camera_node/__init__.py -> /home/ubuntu/github/BANSHEE-Mechatronics-SPR24/Banshee-ros/build/camera_node/build/lib/camera_node
[0.649s] copying camera_node/camera_node.py -> /home/ubuntu/github/BANSHEE-Mechatronics-SPR24/Banshee-ros/build/camera_node/build/lib/camera_node
[0.649s] running install
[0.649s] running install_lib
[0.650s] creating /home/ubuntu/github/BANSHEE-Mechatronics-SPR24/Banshee-ros/install/camera_node/lib/python3.10/site-packages/camera_node
[0.650s] copying /home/ubuntu/github/BANSHEE-Mechatronics-SPR24/Banshee-ros/build/camera_node/build/lib/camera_node/__init__.py -> /home/ubuntu/github/BANSHEE-Mechatronics-SPR24/Banshee-ros/install/camera_node/lib/python3.10/site-packages/camera_node
[0.650s] copying /home/ubuntu/github/BANSHEE-Mechatronics-SPR24/Banshee-ros/build/camera_node/build/lib/camera_node/camera_node.py -> /home/ubuntu/github/BANSHEE-Mechatronics-SPR24/Banshee-ros/install/camera_node/lib/python3.10/site-packages/camera_node
[0.650s] byte-compiling /home/ubuntu/github/BANSHEE-Mechatronics-SPR24/Banshee-ros/install/camera_node/lib/python3.10/site-packages/camera_node/__init__.py to __init__.cpython-310.pyc
[0.651s] byte-compiling /home/ubuntu/github/BANSHEE-Mechatronics-SPR24/Banshee-ros/install/camera_node/lib/python3.10/site-packages/camera_node/camera_node.py to camera_node.cpython-310.pyc
[0.651s] running install_data
[0.651s] creating /home/ubuntu/github/BANSHEE-Mechatronics-SPR24/Banshee-ros/install/camera_node/share/ament_index
[0.651s] creating /home/ubuntu/github/BANSHEE-Mechatronics-SPR24/Banshee-ros/install/camera_node/share/ament_index/resource_index
[0.651s] creating /home/ubuntu/github/BANSHEE-Mechatronics-SPR24/Banshee-ros/install/camera_node/share/ament_index/resource_index/packages
[0.652s] copying resource/camera_node -> /home/ubuntu/github/BANSHEE-Mechatronics-SPR24/Banshee-ros/install/camera_node/share/ament_index/resource_index/packages
[0.652s] copying package.xml -> /home/ubuntu/github/BANSHEE-Mechatronics-SPR24/Banshee-ros/install/camera_node/share/camera_node
[0.652s] running install_egg_info
[0.653s] Copying ../../build/camera_node/camera_node.egg-info to /home/ubuntu/github/BANSHEE-Mechatronics-SPR24/Banshee-ros/install/camera_node/lib/python3.10/site-packages/camera_node-0.0.0-py3.10.egg-info
[0.653s] running install_scripts
[0.666s] Installing camera_node script to /home/ubuntu/github/BANSHEE-Mechatronics-SPR24/Banshee-ros/install/camera_node/lib/camera_node
[0.666s] writing list of installed files to '/home/ubuntu/github/BANSHEE-Mechatronics-SPR24/Banshee-ros/build/camera_node/install.log'
[0.681s] Invoked command in '/home/ubuntu/github/BANSHEE-Mechatronics-SPR24/Banshee-ros/src/camera_node' returned '0': PYTHONPATH=/home/ubuntu/github/BANSHEE-Mechatronics-SPR24/Banshee-ros/build/camera_node/prefix_override:/usr/lib/python3/dist-packages/colcon_core/task/python/colcon_distutils_commands:/home/ubuntu/github/BANSHEE-Mechatronics-SPR24/Banshee-ros/install/camera_node/lib/python3.10/site-packages:${PYTHONPATH} /usr/bin/python3 -W ignore:setup.py install is deprecated setup.py egg_info --egg-base ../../build/camera_node build --build-base /home/ubuntu/github/BANSHEE-Mechatronics-SPR24/Banshee-ros/build/camera_node/build install --record /home/ubuntu/github/BANSHEE-Mechatronics-SPR24/Banshee-ros/build/camera_node/install.log --single-version-externally-managed install_data
