running egg_info
writing ../../build/camera_node/camera_node.egg-info/PKG-INFO
writing dependency_links to ../../build/camera_node/camera_node.egg-info/dependency_links.txt
writing entry points to ../../build/camera_node/camera_node.egg-info/entry_points.txt
writing requirements to ../../build/camera_node/camera_node.egg-info/requires.txt
writing top-level names to ../../build/camera_node/camera_node.egg-info/top_level.txt
reading manifest file '../../build/camera_node/camera_node.egg-info/SOURCES.txt'
writing manifest file '../../build/camera_node/camera_node.egg-info/SOURCES.txt'
running build
running build_py
copying camera_node/camera_no_web.py -> /home/ubuntu/BANSHEE-Mechatronics-SPR24/Banshee-ros/build/camera_node/build/lib/camera_node
running install
running install_lib
copying /home/ubuntu/BANSHEE-Mechatronics-SPR24/Banshee-ros/build/camera_node/build/lib/camera_node/camera_no_web.py -> /home/ubuntu/BANSHEE-Mechatronics-SPR24/Banshee-ros/install/camera_node/lib/python3.10/site-packages/camera_node
byte-compiling /home/ubuntu/BANSHEE-Mechatronics-SPR24/Banshee-ros/install/camera_node/lib/python3.10/site-packages/camera_node/camera_no_web.py to camera_no_web.cpython-310.pyc
running install_data
running install_egg_info
removing '/home/ubuntu/BANSHEE-Mechatronics-SPR24/Banshee-ros/install/camera_node/lib/python3.10/site-packages/camera_node-0.0.0-py3.10.egg-info' (and everything under it)
Copying ../../build/camera_node/camera_node.egg-info to /home/ubuntu/BANSHEE-Mechatronics-SPR24/Banshee-ros/install/camera_node/lib/python3.10/site-packages/camera_node-0.0.0-py3.10.egg-info
running install_scripts
Installing camera_node script to /home/ubuntu/BANSHEE-Mechatronics-SPR24/Banshee-ros/install/camera_node/lib/camera_node
writing list of installed files to '/home/ubuntu/BANSHEE-Mechatronics-SPR24/Banshee-ros/build/camera_node/install.log'
