[2.249s] Invoking command in '/home/ubuntu/BANSHEE-Mechatronics-SPR24/Banshee-ros/src/camera_node': PYTHONPATH=/home/ubuntu/BANSHEE-Mechatronics-SPR24/Banshee-ros/build/camera_node/prefix_override:/usr/lib/python3/dist-packages/colcon_core/task/python/colcon_distutils_commands:/home/ubuntu/BANSHEE-Mechatronics-SPR24/Banshee-ros/install/camera_node/lib/python3.10/site-packages:${PYTHONPATH} /usr/bin/python3 -W ignore:setup.py install is deprecated setup.py egg_info --egg-base ../../build/camera_node build --build-base /home/ubuntu/BANSHEE-Mechatronics-SPR24/Banshee-ros/build/camera_node/build install --record /home/ubuntu/BANSHEE-Mechatronics-SPR24/Banshee-ros/build/camera_node/install.log --single-version-externally-managed install_data
[2.778s] running egg_info
[2.796s] writing ../../build/camera_node/camera_node.egg-info/PKG-INFO
[2.796s] writing dependency_links to ../../build/camera_node/camera_node.egg-info/dependency_links.txt
[2.796s] writing entry points to ../../build/camera_node/camera_node.egg-info/entry_points.txt
[2.796s] writing requirements to ../../build/camera_node/camera_node.egg-info/requires.txt
[2.796s] writing top-level names to ../../build/camera_node/camera_node.egg-info/top_level.txt
[2.835s] reading manifest file '../../build/camera_node/camera_node.egg-info/SOURCES.txt'
[2.836s] writing manifest file '../../build/camera_node/camera_node.egg-info/SOURCES.txt'
[2.836s] running build
[2.836s] running build_py
[2.836s] copying camera_node/camera_no_web.py -> /home/ubuntu/BANSHEE-Mechatronics-SPR24/Banshee-ros/build/camera_node/build/lib/camera_node
[2.836s] running install
[2.841s] running install_lib
[2.878s] copying /home/ubuntu/BANSHEE-Mechatronics-SPR24/Banshee-ros/build/camera_node/build/lib/camera_node/camera_no_web.py -> /home/ubuntu/BANSHEE-Mechatronics-SPR24/Banshee-ros/install/camera_node/lib/python3.10/site-packages/camera_node
[2.879s] byte-compiling /home/ubuntu/BANSHEE-Mechatronics-SPR24/Banshee-ros/install/camera_node/lib/python3.10/site-packages/camera_node/camera_no_web.py to camera_no_web.cpython-310.pyc
[2.880s] running install_data
[2.881s] running install_egg_info
[2.900s] removing '/home/ubuntu/BANSHEE-Mechatronics-SPR24/Banshee-ros/install/camera_node/lib/python3.10/site-packages/camera_node-0.0.0-py3.10.egg-info' (and everything under it)
[2.901s] Copying ../../build/camera_node/camera_node.egg-info to /home/ubuntu/BANSHEE-Mechatronics-SPR24/Banshee-ros/install/camera_node/lib/python3.10/site-packages/camera_node-0.0.0-py3.10.egg-info
[2.901s] running install_scripts
[2.983s] Installing camera_node script to /home/ubuntu/BANSHEE-Mechatronics-SPR24/Banshee-ros/install/camera_node/lib/camera_node
[2.984s] writing list of installed files to '/home/ubuntu/BANSHEE-Mechatronics-SPR24/Banshee-ros/build/camera_node/install.log'
[3.027s] Invoked command in '/home/ubuntu/BANSHEE-Mechatronics-SPR24/Banshee-ros/src/camera_node' returned '0': PYTHONPATH=/home/ubuntu/BANSHEE-Mechatronics-SPR24/Banshee-ros/build/camera_node/prefix_override:/usr/lib/python3/dist-packages/colcon_core/task/python/colcon_distutils_commands:/home/ubuntu/BANSHEE-Mechatronics-SPR24/Banshee-ros/install/camera_node/lib/python3.10/site-packages:${PYTHONPATH} /usr/bin/python3 -W ignore:setup.py install is deprecated setup.py egg_info --egg-base ../../build/camera_node build --build-base /home/ubuntu/BANSHEE-Mechatronics-SPR24/Banshee-ros/build/camera_node/build install --record /home/ubuntu/BANSHEE-Mechatronics-SPR24/Banshee-ros/build/camera_node/install.log --single-version-externally-managed install_data
