[2.202s] Invoking command in '/home/ubuntu/BANSHEE-Mechatronics-SPR24/Banshee-ros/src/stepper_control': PYTHONPATH=/home/ubuntu/BANSHEE-Mechatronics-SPR24/Banshee-ros/build/stepper_control/prefix_override:/usr/lib/python3/dist-packages/colcon_core/task/python/colcon_distutils_commands:/home/ubuntu/BANSHEE-Mechatronics-SPR24/Banshee-ros/install/stepper_control/lib/python3.10/site-packages:${PYTHONPATH} /usr/bin/python3 -W ignore:setup.py install is deprecated setup.py egg_info --egg-base ../../build/stepper_control build --build-base /home/ubuntu/BANSHEE-Mechatronics-SPR24/Banshee-ros/build/stepper_control/build install --record /home/ubuntu/BANSHEE-Mechatronics-SPR24/Banshee-ros/build/stepper_control/install.log --single-version-externally-managed install_data
[2.741s] running egg_info
[2.741s] creating ../../build/stepper_control/stepper_control.egg-info
[2.759s] writing ../../build/stepper_control/stepper_control.egg-info/PKG-INFO
[2.759s] writing dependency_links to ../../build/stepper_control/stepper_control.egg-info/dependency_links.txt
[2.759s] writing entry points to ../../build/stepper_control/stepper_control.egg-info/entry_points.txt
[2.759s] writing requirements to ../../build/stepper_control/stepper_control.egg-info/requires.txt
[2.759s] writing top-level names to ../../build/stepper_control/stepper_control.egg-info/top_level.txt
[2.759s] writing manifest file '../../build/stepper_control/stepper_control.egg-info/SOURCES.txt'
[2.800s] reading manifest file '../../build/stepper_control/stepper_control.egg-info/SOURCES.txt'
[2.800s] writing manifest file '../../build/stepper_control/stepper_control.egg-info/SOURCES.txt'
[2.800s] running build
[2.800s] running build_py
[2.801s] creating /home/ubuntu/BANSHEE-Mechatronics-SPR24/Banshee-ros/build/stepper_control/build
[2.801s] creating /home/ubuntu/BANSHEE-Mechatronics-SPR24/Banshee-ros/build/stepper_control/build/lib
[2.801s] creating /home/ubuntu/BANSHEE-Mechatronics-SPR24/Banshee-ros/build/stepper_control/build/lib/stepper_control
[2.801s] copying stepper_control/__init__.py -> /home/ubuntu/BANSHEE-Mechatronics-SPR24/Banshee-ros/build/stepper_control/build/lib/stepper_control
[2.801s] copying stepper_control/stepper_node.py -> /home/ubuntu/BANSHEE-Mechatronics-SPR24/Banshee-ros/build/stepper_control/build/lib/stepper_control
[2.801s] running install
[2.806s] running install_lib
[2.841s] creating /home/ubuntu/BANSHEE-Mechatronics-SPR24/Banshee-ros/install/stepper_control/lib/python3.10/site-packages/stepper_control
[2.841s] copying /home/ubuntu/BANSHEE-Mechatronics-SPR24/Banshee-ros/build/stepper_control/build/lib/stepper_control/__init__.py -> /home/ubuntu/BANSHEE-Mechatronics-SPR24/Banshee-ros/install/stepper_control/lib/python3.10/site-packages/stepper_control
[2.841s] copying /home/ubuntu/BANSHEE-Mechatronics-SPR24/Banshee-ros/build/stepper_control/build/lib/stepper_control/stepper_node.py -> /home/ubuntu/BANSHEE-Mechatronics-SPR24/Banshee-ros/install/stepper_control/lib/python3.10/site-packages/stepper_control
[2.843s] byte-compiling /home/ubuntu/BANSHEE-Mechatronics-SPR24/Banshee-ros/install/stepper_control/lib/python3.10/site-packages/stepper_control/__init__.py to __init__.cpython-310.pyc
[2.843s] byte-compiling /home/ubuntu/BANSHEE-Mechatronics-SPR24/Banshee-ros/install/stepper_control/lib/python3.10/site-packages/stepper_control/stepper_node.py to stepper_node.cpython-310.pyc
[2.844s] running install_data
[2.844s] creating /home/ubuntu/BANSHEE-Mechatronics-SPR24/Banshee-ros/install/stepper_control/share/ament_index
[2.844s] creating /home/ubuntu/BANSHEE-Mechatronics-SPR24/Banshee-ros/install/stepper_control/share/ament_index/resource_index
[2.844s] creating /home/ubuntu/BANSHEE-Mechatronics-SPR24/Banshee-ros/install/stepper_control/share/ament_index/resource_index/packages
[2.844s] copying resource/stepper_control -> /home/ubuntu/BANSHEE-Mechatronics-SPR24/Banshee-ros/install/stepper_control/share/ament_index/resource_index/packages
[2.844s] copying package.xml -> /home/ubuntu/BANSHEE-Mechatronics-SPR24/Banshee-ros/install/stepper_control/share/stepper_control
[2.844s] running install_egg_info
[2.864s] Copying ../../build/stepper_control/stepper_control.egg-info to /home/ubuntu/BANSHEE-Mechatronics-SPR24/Banshee-ros/install/stepper_control/lib/python3.10/site-packages/stepper_control-0.0.0-py3.10.egg-info
[2.864s] running install_scripts
[2.947s] Installing stepper_node script to /home/ubuntu/BANSHEE-Mechatronics-SPR24/Banshee-ros/install/stepper_control/lib/stepper_control
[2.947s] writing list of installed files to '/home/ubuntu/BANSHEE-Mechatronics-SPR24/Banshee-ros/build/stepper_control/install.log'
[3.004s] Invoked command in '/home/ubuntu/BANSHEE-Mechatronics-SPR24/Banshee-ros/src/stepper_control' returned '0': PYTHONPATH=/home/ubuntu/BANSHEE-Mechatronics-SPR24/Banshee-ros/build/stepper_control/prefix_override:/usr/lib/python3/dist-packages/colcon_core/task/python/colcon_distutils_commands:/home/ubuntu/BANSHEE-Mechatronics-SPR24/Banshee-ros/install/stepper_control/lib/python3.10/site-packages:${PYTHONPATH} /usr/bin/python3 -W ignore:setup.py install is deprecated setup.py egg_info --egg-base ../../build/stepper_control build --build-base /home/ubuntu/BANSHEE-Mechatronics-SPR24/Banshee-ros/build/stepper_control/build install --record /home/ubuntu/BANSHEE-Mechatronics-SPR24/Banshee-ros/build/stepper_control/install.log --single-version-externally-managed install_data
